<?xml version="1.0" encoding="UTF-8"?>
<testsuite xmlns:xsi="http://www.w3.org/2001/XMLSchema-instance" xsi:noNamespaceSchemaLocation="https://maven.apache.org/surefire/maven-surefire-plugin/xsd/surefire-test-report.xsd" name="MagMutual.TakeHomeProject.UserAPI.UserControllerTest" time="8.475" tests="11" errors="0" skipped="0" failures="0">
  <properties>
[...]
</properties>
  <testcase name="testGetUsersByCity_validCity" classname="MagMutual.TakeHomeProject.UserAPI.UserControllerTest" time="0.927"/>
  <testcase name="testGetUserById_validId" classname="MagMutual.TakeHomeProject.UserAPI.UserControllerTest" time="0.004"/>
  <testcase name="testGetUsersByCity_invalidCity" classname="MagMutual.TakeHomeProject.UserAPI.UserControllerTest" time="0.004"/>
  <testcase name="testGetUserByName_validName" classname="MagMutual.TakeHomeProject.UserAPI.UserControllerTest" time="0.005"/>
  <testcase name="testGetUserById_invalidId" classname="MagMutual.TakeHomeProject.UserAPI.UserControllerTest" time="0.006"/>
  <testcase name="testGetAllUsers" classname="MagMutual.TakeHomeProject.UserAPI.UserControllerTest" time="0.003"/>
  <testcase name="testGetUsersByDateRange_validRange" classname="MagMutual.TakeHomeProject.UserAPI.UserControllerTest" time="0.004"/>
  <testcase name="testGetUsersByDateRange_invalidRange" classname="MagMutual.TakeHomeProject.UserAPI.UserControllerTest" time="0.003"/>
  <testcase name="testGetUserByName_invalidName" classname="MagMutual.TakeHomeProject.UserAPI.UserControllerTest" time="0.002"/>
  <testcase name="testGetUsersByProfession_invalidProfession" classname="MagMutual.TakeHomeProject.UserAPI.UserControllerTest" time="0.003"/>
  <testcase name="testGetUsersByProfession_validProfession" classname="MagMutual.TakeHomeProject.UserAPI.UserControllerTest" time="0.002"/>
</testsuite>